<?xml version="1.0" encoding="UTF-8"?>
<!-- Generated by org.testng.reporters.JUnitReportReporter -->
<testsuite hostname="INHYLP032" failures="0" tests="1" name="Spree_token.Delete_API_keys" time="3.935" errors="0" timestamp="2023-06-20T12:50:29 IST" skipped="0">
  <testcase classname="Spree_token.Delete_API_keys" name="DeleteAPIKeys" time="3.935"/>
  <system-out/>
</testsuite> <!-- Spree_token.Delete_API_keys -->
