<?xml version="1.0" encoding="UTF-8"?>
<!-- Generated by org.testng.reporters.JUnitReportReporter -->
<testsuite hostname="INHYLP0031" failures="0" tests="2" name="Complex.post" time="5.782" errors="0" timestamp="2023-06-13T16:15:51 IST" skipped="0">
  <testcase classname="Complex.post" name="postassret" time="1.261"/>
  <system-out/>
  <testcase classname="Complex.post" name="check" time="4.521"/>
  <system-out/>
</testsuite> <!-- Complex.post -->
