<?xml version="1.0" encoding="UTF-8"?>
<!-- Generated by org.testng.reporters.JUnitReportReporter -->
<testsuite hostname="INHYLP0031" failures="0" tests="1" name="Complex.BDD_get" time="4.278" errors="0" timestamp="2023-06-13T16:53:19 IST" skipped="0">
  <testcase classname="Complex.BDD_get" name="get" time="4.278"/>
  <system-out/>
</testsuite> <!-- Complex.BDD_get -->
