<?xml version="1.0" encoding="UTF-8"?>
<!-- Generated by org.testng.reporters.JUnitReportReporter -->
<testsuite hostname="INHYLP0031" failures="0" tests="1" name="rest.BasicPost" time="2.720" errors="0" timestamp="2023-06-13T14:47:42 IST" skipped="0">
  <testcase classname="rest.BasicPost" name="post1" time="2.720"/>
  <system-out/>
</testsuite> <!-- rest.BasicPost -->
