<?xml version="1.0" encoding="UTF-8"?>
<!-- Generated by org.testng.reporters.JUnitReportReporter -->
<<<<<<< HEAD
<testsuite hostname="INHYLP032" failures="0" tests="1" name="Spree_token.registration" time="3.065" errors="0" timestamp="2023-06-19T17:25:53 IST" skipped="0">
  <testcase classname="Spree_token.registration" name="get" time="3.065"/>
=======
<testsuite hostname="INHYLP0031" failures="0" tests="1" name="Spree_token.registration" time="3.671" errors="0" timestamp="2023-06-19T11:06:51 IST" skipped="0">
  <testcase classname="Spree_token.registration" name="get" time="3.671"/>
>>>>>>> 1bbd8befbbc75eabc4137e7860fc89f63e7b6ddc
  <system-out/>
</testsuite> <!-- Spree_token.registration -->
