<?xml version="1.0" encoding="UTF-8"?>
<!-- Generated by org.testng.reporters.JUnitReportReporter -->
<testsuite hostname="INHYLP0031" failures="0" tests="4" name="Authorization.one_token" time="7.664" errors="0" timestamp="2023-06-20T18:27:01 IST" skipped="0">
  <testcase classname="Authorization.one_token" name="loginApi" time="3.571"/>
  <system-out/>
  <testcase classname="Authorization.one_token" name="oath" time="1.212"/>
  <system-out/>
  <testcase classname="Authorization.one_token" name="oauth" time="1.424"/>
  <system-out/>
  <testcase classname="Authorization.one_token" name="Final_token" time="1.457"/>
  <system-out/>
</testsuite> <!-- Authorization.one_token -->
