<?xml version="1.0" encoding="UTF-8"?>
<!-- Generated by org.testng.reporters.JUnitReportReporter -->
<testsuite hostname="INHYLP0031" failures="0" tests="1" name="Authorization.three_oauth" time="3.285" errors="0" timestamp="2023-06-19T18:52:42 IST" skipped="0">
  <testcase classname="Authorization.three_oauth" name="oauth" time="3.285"/>
  <system-out/>
</testsuite> <!-- Authorization.three_oauth -->
