<?xml version="1.0" encoding="UTF-8"?>
<!-- Generated by org.testng.reporters.JUnitReportReporter -->
<testsuite hostname="INHYLP032" failures="0" tests="4" name="Authorization.one_token" time="7.282" errors="0" timestamp="2023-06-22T18:13:08 IST" skipped="0">
  <testcase classname="Authorization.one_token" name="loginApi" time="3.255"/>
  <system-out/>
  <testcase classname="Authorization.one_token" name="oath" time="1.128"/>
  <system-out/>
  <testcase classname="Authorization.one_token" name="oauth" time="1.521"/>
  <system-out/>
  <testcase classname="Authorization.one_token" name="Final_token" time="1.378"/>
  <system-out/>
</testsuite> <!-- Authorization.one_token -->
