<?xml version="1.0" encoding="UTF-8"?>
<!-- Generated by org.testng.reporters.JUnitReportReporter -->
<testsuite hostname="INHYLP0031" failures="0" tests="1" name="Spree_token.one_registration" time="3.484" errors="0" timestamp="2023-06-19T18:09:32 IST" skipped="0">
  <testcase classname="Spree_token.one_registration" name="loginApi" time="3.484"/>
  <system-out/>
</testsuite> <!-- Spree_token.one_registration -->
