<?xml version="1.0" encoding="UTF-8"?>
<!-- Generated by org.testng.reporters.JUnitReportReporter -->
<testsuite hostname="INHYLP0031" failures="0" tests="2" name="Test_cases.usertest" time="5.490" errors="0" timestamp="2023-06-15T11:23:09 IST" skipped="0">
  <testcase classname="Test_cases.usertest" name="Getget" time="1.288"/>
  <system-out/>
  <testcase classname="Test_cases.usertest" name="CreatePost" time="4.202"/>
  <system-out/>
</testsuite> <!-- Test_cases.usertest -->
