<?xml version="1.0" encoding="UTF-8"?>
<!-- Generated by org.testng.reporters.JUnitReportReporter -->
<testsuite hostname="INHYLP032" failures="0" tests="1" name="Authorization.Get_list_of_all_application_keys" time="2.701" errors="0" timestamp="2023-06-22T10:39:53 IST" skipped="0">
  <testcase classname="Authorization.Get_list_of_all_application_keys" name="oauth" time="2.701"/>
  <system-out/>
</testsuite> <!-- Authorization.Get_list_of_all_application_keys -->
