<?xml version="1.0" encoding="UTF-8"?>
<!-- Generated by org.testng.reporters.JUnitReportReporter -->
<testsuite hostname="INHYLP032" failures="0" tests="1" name="Authorization.Update_name_of_application_keys" time="4.629" errors="0" timestamp="2023-06-21T12:42:35 IST" skipped="0">
  <testcase classname="Authorization.Update_name_of_application_keys" name="application_keys" time="4.629"/>
  <system-out/>
</testsuite> <!-- Authorization.Update_name_of_application_keys -->
