<?xml version="1.0" encoding="UTF-8"?>
<!-- Generated by org.testng.reporters.JUnitReportReporter -->
<testsuite hostname="INHYLP0031" failures="0" tests="1" name="Complex.Postpp" time="2.906" errors="0" timestamp="2023-06-16T11:46:36 IST" skipped="0">
  <testcase classname="Complex.Postpp" name="BDD" time="2.906"/>
  <system-out/>
</testsuite> <!-- Complex.Postpp -->
