<?xml version="1.0" encoding="UTF-8"?>
<!-- Generated by org.testng.reporters.JUnitReportReporter -->
<testsuite hostname="INHYLP032" failures="0" tests="1" name="Spree_token.Get_list_of_all_application_keys" time="5.604" errors="0" timestamp="2023-06-19T20:53:24 IST" skipped="0">
  <testcase classname="Spree_token.Get_list_of_all_application_keys" name="oauth" time="5.604"/>
  <system-out/>
</testsuite> <!-- Spree_token.Get_list_of_all_application_keys -->
