<?xml version="1.0" encoding="UTF-8"?>
<!-- Generated by org.testng.reporters.JUnitReportReporter -->
<testsuite hostname="INHYLP0031" failures="0" tests="1" name="Spree_token.regrat_get" time="2.033" errors="0" timestamp="2023-06-16T18:41:13 IST" skipped="0">
  <testcase classname="Spree_token.regrat_get" name="grey" time="2.033"/>
  <system-out/>
</testsuite> <!-- Spree_token.regrat_get -->
