<?xml version="1.0" encoding="UTF-8"?>
<!-- Generated by org.testng.reporters.JUnitReportReporter -->
<testsuite hostname="INHYLP0031" failures="0" tests="1" name="Authorization.two_login" time="5.011" errors="0" timestamp="2023-06-20T11:47:14 IST" skipped="0">
  <testcase classname="Authorization.two_login" name="oath" time="5.011"/>
  <system-out/>
</testsuite> <!-- Authorization.two_login -->
