<?xml version="1.0" encoding="UTF-8"?>
<!-- Generated by org.testng.reporters.JUnitReportReporter -->
<testsuite hostname="INHYLP0031" failures="0" tests="2" name="rest.Basic" time="1.769" errors="0" timestamp="2023-06-13T14:14:26 IST" skipped="0">
  <testcase classname="rest.Basic" name="Getall" time="1.675"/>
  <system-out/>
  <testcase classname="rest.Basic" name="get" time="0.094"/>
  <system-out/>
</testsuite> <!-- rest.Basic -->
