<?xml version="1.0" encoding="UTF-8"?>
<!-- Generated by org.testng.reporters.JUnitReportReporter -->
<testsuite hostname="INHYLP0031" failures="0" tests="2" name="Complex.post" time="9.097" errors="0" timestamp="2023-06-14T12:40:34 IST" skipped="0">
  <testcase classname="Complex.post" name="postassret" time="1.280"/>
  <system-out/>
  <testcase classname="Complex.post" name="check" time="7.817"/>
  <system-out/>
</testsuite> <!-- Complex.post -->
