<?xml version="1.0" encoding="UTF-8"?>
<!-- Generated by org.testng.reporters.JUnitReportReporter -->
<testsuite hostname="INHYLP0031" failures="0" tests="1" name="Spree_token.registration" time="2.743" errors="0" timestamp="2023-06-16T15:37:16 IST" skipped="0">
  <testcase classname="Spree_token.registration" name="get" time="2.743"/>
  <system-out/>
</testsuite> <!-- Spree_token.registration -->
