<?xml version="1.0" encoding="UTF-8"?>
<!-- Generated by org.testng.reporters.JUnitReportReporter -->
<testsuite hostname="INHYLP0031" failures="0" tests="1" name="rest.BasicPost" time="1.365" errors="0" timestamp="2023-06-14T12:40:34 IST" skipped="0">
  <testcase classname="rest.BasicPost" name="post1" time="1.365"/>
  <system-out/>
</testsuite> <!-- rest.BasicPost -->
