<?xml version="1.0" encoding="UTF-8"?>
<!-- Generated by org.testng.reporters.JUnitReportReporter -->
<testsuite hostname="INHYLP032" failures="0" tests="2" name="Test_cases.usertest" time="4.503" errors="0" timestamp="2023-06-19T17:40:39 IST" skipped="0">
  <testcase classname="Test_cases.usertest" name="CreatePost" time="3.352"/>
  <system-out/>
  <testcase classname="Test_cases.usertest" name="Getget" time="1.151"/>
  <system-out/>
</testsuite> <!-- Test_cases.usertest -->
