<?xml version="1.0" encoding="UTF-8"?>
<!-- Generated by org.testng.reporters.JUnitReportReporter -->
<testsuite hostname="INHYLP0031" failures="0" tests="1" name="Test_cases.usertest" time="3.257" errors="0" timestamp="2023-06-14T15:57:55 IST" skipped="0">
  <testcase classname="Test_cases.usertest" name="CreatePost" time="3.257"/>
  <system-out/>
</testsuite> <!-- Test_cases.usertest -->
