<?xml version="1.0" encoding="UTF-8"?>
<!-- Generated by org.testng.reporters.JUnitReportReporter -->
<testsuite hostname="INHYLP032" failures="0" tests="1" name="Spree_token.access_token_to_hit_the_platform_API" time="5.243" errors="0" timestamp="2023-06-20T12:45:16 IST" skipped="0">
  <testcase classname="Spree_token.access_token_to_hit_the_platform_API" name="platform_API" time="5.243"/>
  <system-out/>
</testsuite> <!-- Spree_token.access_token_to_hit_the_platform_API -->
