<?xml version="1.0" encoding="UTF-8"?>
<!-- Generated by org.testng.reporters.JUnitReportReporter -->
<testsuite hostname="INHYLP0031" failures="0" tests="1" name="Complex.BDD_get" time="2.727" errors="0" timestamp="2023-06-14T14:02:11 IST" skipped="0">
  <testcase classname="Complex.BDD_get" name="get" time="2.727"/>
  <system-out/>
</testsuite> <!-- Complex.BDD_get -->
