<?xml version="1.0" encoding="UTF-8"?>
<!-- Generated by org.testng.reporters.JUnitReportReporter -->
<testsuite hostname="INHYLP0031" failures="0" tests="4" name="Authorization.one_registration" time="10.098" errors="0" timestamp="2023-06-20T12:29:49 IST" skipped="0">
  <testcase classname="Authorization.one_registration" name="loginApi" time="5.610"/>
  <system-out/>
  <testcase classname="Authorization.one_registration" name="oath" time="1.397"/>
  <system-out/>
  <testcase classname="Authorization.one_registration" name="oauth" time="1.656"/>
  <system-out/>
  <testcase classname="Authorization.one_registration" name="Final_token" time="1.435"/>
  <system-out/>
</testsuite> <!-- Authorization.one_registration -->
