<?xml version="1.0" encoding="UTF-8"?>
<!-- Generated by org.testng.reporters.JUnitReportReporter -->
<testsuite hostname="INHYLP0031" failures="0" tests="1" name="Complex.Postpp" time="4.770" errors="0" timestamp="2023-06-14T11:23:47 IST" skipped="0">
  <testcase classname="Complex.Postpp" name="BDD" time="4.770"/>
  <system-out/>
</testsuite> <!-- Complex.Postpp -->
