<?xml version="1.0" encoding="UTF-8"?>
<!-- Generated by org.testng.reporters.JUnitReportReporter -->
<testsuite hostname="INHYLP032" failures="0" tests="4" name="Authorization.one_token" time="11.713" errors="0" timestamp="2023-06-20T19:28:25 IST" skipped="0">
  <testcase classname="Authorization.one_token" name="loginApi" time="5.035"/>
  <system-out/>
  <testcase classname="Authorization.one_token" name="oath" time="2.920"/>
  <system-out/>
  <testcase classname="Authorization.one_token" name="oauth" time="1.832"/>
  <system-out/>
  <testcase classname="Authorization.one_token" name="Final_token" time="1.926"/>
  <system-out/>
</testsuite> <!-- Authorization.one_token -->
