<?xml version="1.0" encoding="UTF-8"?>
<!-- Generated by org.testng.reporters.JUnitReportReporter -->
<testsuite hostname="INHYLP0031" failures="0" tests="1" name="Complex.BDD_post" time="2.306" errors="0" timestamp="2023-06-16T14:36:38 IST" skipped="0">
  <testcase classname="Complex.BDD_post" name="get" time="2.306"/>
  <system-out/>
</testsuite> <!-- Complex.BDD_post -->
