<?xml version="1.0" encoding="UTF-8"?>
<!-- Generated by org.testng.reporters.JUnitReportReporter -->
<testsuite hostname="INHYLP0031" failures="0" tests="2" name="rest.Basic" time="0.261" errors="0" timestamp="2023-06-14T12:40:34 IST" skipped="0">
  <testcase classname="rest.Basic" name="Getall" time="0.167"/>
  <system-out/>
  <testcase classname="rest.Basic" name="get" time="0.094"/>
  <system-out/>
</testsuite> <!-- rest.Basic -->
