<?xml version="1.0" encoding="UTF-8"?>
<!-- Generated by org.testng.reporters.JUnitReportReporter -->
<testsuite hostname="INHYLP0031" failures="0" tests="1" name="Spree_token.two_login" time="3.322" errors="0" timestamp="2023-06-19T18:14:23 IST" skipped="0">
  <testcase classname="Spree_token.two_login" name="oath" time="3.322"/>
  <system-out/>
</testsuite> <!-- Spree_token.two_login -->
